<?xml version="1.0" encoding="UTF-8"?>
<!-- Generated by org.testng.reporters.JUnitReportReporter -->
<testsuite hostname="niflheim" failures="0" tests="4" name="stateMachineLanguage.DBManager.LayerIntegrationTest" time="0.274" errors="0" timestamp="2022-03-30T09:39:22 CEST" skipped="0">
  <testcase classname="stateMachineLanguage.DBManager.LayerIntegrationTest" name="addnewEdgeConv" time="0.001"/>
  <system-out/>
  <testcase classname="stateMachineLanguage.DBManager.LayerIntegrationTest" name="addEdgePoolBNTest" time="0.067"/>
  <system-out/>
  <testcase classname="stateMachineLanguage.DBManager.LayerIntegrationTest" name="updateConvTest" time="0.092"/>
  <system-out/>
  <testcase classname="stateMachineLanguage.DBManager.LayerIntegrationTest" name="addEdgeConvPoolTest" time="0.114"/>
  <system-out/>
</testsuite> <!-- stateMachineLanguage.DBManager.LayerIntegrationTest -->
