<?xml version="1.0" encoding="UTF-8"?>
<!-- Generated by org.testng.reporters.JUnitReportReporter -->
<testsuite hostname="niflheim" failures="0" tests="5" name="stateMachineLanguage.DBManager.IntersticeServiceTest" time="0.380" errors="0" timestamp="2022-03-28T11:46:03 CEST" skipped="0">
  <testcase classname="stateMachineLanguage.DBManager.IntersticeServiceTest" name="createConvTest" time="0.195"/>
  <system-out/>
  <testcase classname="stateMachineLanguage.DBManager.IntersticeServiceTest" name="findByIDTest" time="0.015"/>
  <system-out/>
  <testcase classname="stateMachineLanguage.DBManager.IntersticeServiceTest" name="findByIDNotExistTest" time="0.013"/>
  <system-out/>
  <testcase classname="stateMachineLanguage.DBManager.IntersticeServiceTest" name="findAllTest" time="0.120"/>
  <system-out/>
  <testcase classname="stateMachineLanguage.DBManager.IntersticeServiceTest" name="deleteTest" time="0.037"/>
  <system-out/>
</testsuite> <!-- stateMachineLanguage.DBManager.IntersticeServiceTest -->
