<?xml version="1.0" encoding="UTF-8"?>
<!-- Generated by org.testng.reporters.JUnitReportReporter -->
<testsuite hostname="niflheim" failures="0" tests="5" name="stateMachineLanguage.DBManager.TempLayerServiceTest" time="0.256" errors="0" timestamp="2022-03-28T11:58:08 CEST" skipped="0">
  <testcase classname="stateMachineLanguage.DBManager.TempLayerServiceTest" name="createConvTest" time="0.110"/>
  <system-out/>
  <testcase classname="stateMachineLanguage.DBManager.TempLayerServiceTest" name="findByIDTest" time="0.013"/>
  <system-out/>
  <testcase classname="stateMachineLanguage.DBManager.TempLayerServiceTest" name="findByIDNotExistTest" time="0.013"/>
  <system-out/>
  <testcase classname="stateMachineLanguage.DBManager.TempLayerServiceTest" name="findAllTest" time="0.080"/>
  <system-out/>
  <testcase classname="stateMachineLanguage.DBManager.TempLayerServiceTest" name="deleteTest" time="0.040"/>
  <system-out/>
</testsuite> <!-- stateMachineLanguage.DBManager.TempLayerServiceTest -->
