<?xml version="1.0" encoding="UTF-8"?>
<!-- Generated by org.testng.reporters.JUnitReportReporter -->
<testsuite hostname="niflheim" failures="0" tests="1" name="stateMachineLanguage.DBManager.ConvolutionTest" time="0.274" errors="0" timestamp="2022-03-28T11:04:01 CEST" skipped="0">
  <testcase classname="stateMachineLanguage.DBManager.ConvolutionTest" name="createConvTest" time="0.274"/>
  <system-out/>
</testsuite> <!-- stateMachineLanguage.DBManager.ConvolutionTest -->
