<?xml version="1.0" encoding="UTF-8"?>
<!-- Generated by org.testng.reporters.JUnitReportReporter -->
<testsuite hostname="niflheim" failures="0" tests="5" name="stateMachineLanguage.DBManager.PoolingServiceTest" time="0.334" errors="0" timestamp="2022-03-28T11:52:11 CEST" skipped="0">
  <testcase classname="stateMachineLanguage.DBManager.PoolingServiceTest" name="createConvTest" time="0.151"/>
  <system-out/>
  <testcase classname="stateMachineLanguage.DBManager.PoolingServiceTest" name="findByIDNotExistTest" time="0.013"/>
  <system-out/>
  <testcase classname="stateMachineLanguage.DBManager.PoolingServiceTest" name="findByIDTest" time="0.012"/>
  <system-out/>
  <testcase classname="stateMachineLanguage.DBManager.PoolingServiceTest" name="findAllTest" time="0.119"/>
  <system-out/>
  <testcase classname="stateMachineLanguage.DBManager.PoolingServiceTest" name="deleteTest" time="0.039"/>
  <system-out/>
</testsuite> <!-- stateMachineLanguage.DBManager.PoolingServiceTest -->
