<?xml version="1.0" encoding="UTF-8"?>
<!-- Generated by org.testng.reporters.JUnitReportReporter -->
<testsuite hostname="niflheim" failures="0" tests="2" name="stateMachineLanguage.DBManager.DBMannagerTest" time="2.696" errors="0" timestamp="2022-03-25T15:42:41 CET" skipped="0">
  <testcase classname="stateMachineLanguage.DBManager.DBMannagerTest" name="testConnDB" time="2.059"/>
  <system-out/>
  <testcase classname="stateMachineLanguage.DBManager.DBMannagerTest" name="testCreateDB" time="0.637"/>
  <system-out/>
</testsuite> <!-- stateMachineLanguage.DBManager.DBMannagerTest -->
