<?xml version="1.0" encoding="UTF-8"?>
<!-- Generated by org.testng.reporters.JUnitReportReporter -->
<testsuite hostname="niflheim" failures="0" tests="5" name="serviceTest.ConcatenateServiceTest" time="0.530" errors="0" timestamp="2022-03-29T10:50:27 CEST" skipped="0">
  <testcase classname="serviceTest.ConcatenateServiceTest" name="createConvTest" time="0.256"/>
  <system-out/>
  <testcase classname="serviceTest.ConcatenateServiceTest" name="findByIDNotExistTest" time="0.033"/>
  <system-out/>
  <testcase classname="serviceTest.ConcatenateServiceTest" name="findByIDTest" time="0.020"/>
  <system-out/>
  <testcase classname="serviceTest.ConcatenateServiceTest" name="findAllTest" time="0.091"/>
  <system-out/>
  <testcase classname="serviceTest.ConcatenateServiceTest" name="deleteTest" time="0.130"/>
  <system-out/>
</testsuite> <!-- serviceTest.ConcatenateServiceTest -->
