<?xml version="1.0" encoding="UTF-8"?>
<!-- Generated by org.testng.reporters.JUnitReportReporter -->
<testsuite hostname="niflheim" failures="0" tests="5" name="stateMachineLanguage.DBManager.ConcatenateServiceTest" time="0.421" errors="0" timestamp="2022-03-28T11:35:51 CEST" skipped="0">
  <testcase classname="stateMachineLanguage.DBManager.ConcatenateServiceTest" name="createConvTest" time="0.236"/>
  <system-out/>
  <testcase classname="stateMachineLanguage.DBManager.ConcatenateServiceTest" name="findByIDTest" time="0.021"/>
  <system-out/>
  <testcase classname="stateMachineLanguage.DBManager.ConcatenateServiceTest" name="findByIDNotExistTest" time="0.013"/>
  <system-out/>
  <testcase classname="stateMachineLanguage.DBManager.ConcatenateServiceTest" name="findAllTest" time="0.113"/>
  <system-out/>
  <testcase classname="stateMachineLanguage.DBManager.ConcatenateServiceTest" name="deleteTest" time="0.038"/>
  <system-out/>
</testsuite> <!-- stateMachineLanguage.DBManager.ConcatenateServiceTest -->
