<?xml version="1.0" encoding="UTF-8"?>
<!-- Generated by org.testng.reporters.JUnitReportReporter -->
<testsuite hostname="niflheim" failures="0" tests="5" name="stateMachineLanguage.DBManager.BatchNormalisationServiceTest" time="0.430" errors="0" timestamp="2022-03-28T11:32:31 CEST" skipped="0">
  <testcase classname="stateMachineLanguage.DBManager.BatchNormalisationServiceTest" name="createConvTest" time="0.245"/>
  <system-out/>
  <testcase classname="stateMachineLanguage.DBManager.BatchNormalisationServiceTest" name="findByIDNotExistTest" time="0.013"/>
  <system-out/>
  <testcase classname="stateMachineLanguage.DBManager.BatchNormalisationServiceTest" name="findByIDTest" time="0.014"/>
  <system-out/>
  <testcase classname="stateMachineLanguage.DBManager.BatchNormalisationServiceTest" name="findAllTest" time="0.121"/>
  <system-out/>
  <testcase classname="stateMachineLanguage.DBManager.BatchNormalisationServiceTest" name="deleteTest" time="0.037"/>
  <system-out/>
</testsuite> <!-- stateMachineLanguage.DBManager.BatchNormalisationServiceTest -->
