<?xml version="1.0" encoding="UTF-8"?>
<!-- Generated by org.testng.reporters.JUnitReportReporter -->
<testsuite hostname="niflheim" failures="0" tests="5" name="stateMachineLanguage.DBManager.AddServiceTest" time="0.511" errors="0" timestamp="2022-03-28T11:27:46 CEST" skipped="0">
  <testcase classname="stateMachineLanguage.DBManager.AddServiceTest" name="createConvTest" time="0.247"/>
  <system-out/>
  <testcase classname="stateMachineLanguage.DBManager.AddServiceTest" name="findByIDTest" time="0.014"/>
  <system-out/>
  <testcase classname="stateMachineLanguage.DBManager.AddServiceTest" name="findByIDNotExistTest" time="0.013"/>
  <system-out/>
  <testcase classname="stateMachineLanguage.DBManager.AddServiceTest" name="findAllTest" time="0.096"/>
  <system-out/>
  <testcase classname="stateMachineLanguage.DBManager.AddServiceTest" name="deleteTest" time="0.141"/>
  <system-out/>
</testsuite> <!-- stateMachineLanguage.DBManager.AddServiceTest -->
