<?xml version="1.0" encoding="UTF-8"?>
<!-- Generated by org.testng.reporters.JUnitReportReporter -->
<testsuite hostname="niflheim" failures="0" tests="4" name="controllerTest.ConvolutionControllerTest" time="0.407" errors="0" timestamp="2022-03-29T10:51:41 CEST" skipped="0">
  <testcase classname="controllerTest.ConvolutionControllerTest" name="createConvTest" time="0.228"/>
  <system-out/>
  <testcase classname="controllerTest.ConvolutionControllerTest" name="findTest" time="0.012"/>
  <system-out/>
  <testcase classname="controllerTest.ConvolutionControllerTest" name="findAllTest" time="0.128"/>
  <system-out/>
  <testcase classname="controllerTest.ConvolutionControllerTest" name="deleteTest" time="0.039"/>
  <system-out/>
</testsuite> <!-- controllerTest.ConvolutionControllerTest -->
