<?xml version="1.0" encoding="UTF-8"?>
<!-- Generated by org.testng.reporters.JUnitReportReporter -->
<testsuite hostname="niflheim" failures="0" tests="4" name="stateMachineLanguage.DBManager.LayerIntegrationTest" time="2.083" errors="0" timestamp="2023-02-02T13:48:10 CET" skipped="0">
  <testcase classname="stateMachineLanguage.DBManager.LayerIntegrationTest" name="updateConvTest" time="0.496"/>
  <system-out/>
  <testcase classname="stateMachineLanguage.DBManager.LayerIntegrationTest" name="addEdgePoolBNTest" time="0.815"/>
  <system-out/>
  <testcase classname="stateMachineLanguage.DBManager.LayerIntegrationTest" name="addEdgeConvPoolTest" time="0.770"/>
  <system-out/>
  <testcase classname="stateMachineLanguage.DBManager.LayerIntegrationTest" name="addnewEdgeConv" time="0.002"/>
  <system-out/>
</testsuite> <!-- stateMachineLanguage.DBManager.LayerIntegrationTest -->
