<?xml version="1.0" encoding="UTF-8"?>
<!-- Generated by org.testng.reporters.JUnitReportReporter -->
<testsuite hostname="niflheim" failures="0" tests="5" name="stateMachineLanguage.DBManager.LayerIntegrationTest" time="1.650" errors="1" timestamp="2023-02-27T13:05:22 CET" skipped="4">
  <testcase classname="stateMachineLanguage.DBManager.LayerIntegrationTest" name="init" time="1.649">
    <error type="java.lang.ExceptionInInitializerError">
      <![CDATA[java.lang.ExceptionInInitializerError
at domain.DBManagment.createNewDB(DBManagment.java:36)
at stateMachineLanguage.DBManager.LayerIntegrationTest.init(LayerIntegrationTest.java:37)
at java.base/jdk.internal.reflect.NativeMethodAccessorImpl.invoke0(Native Method)
at java.base/jdk.internal.reflect.NativeMethodAccessorImpl.invoke(NativeMethodAccessorImpl.java:77)
at java.base/jdk.internal.reflect.DelegatingMethodAccessorImpl.invoke(DelegatingMethodAccessorImpl.java:43)
at java.base/java.lang.reflect.Method.invoke(Method.java:568)
at org.testng.internal.invokers.MethodInvocationHelper.invokeMethod(MethodInvocationHelper.java:135)
at org.testng.internal.invokers.MethodInvocationHelper.invokeMethodConsideringTimeout(MethodInvocationHelper.java:65)
at org.testng.internal.invokers.ConfigInvoker.invokeConfigurationMethod(ConfigInvoker.java:381)
at org.testng.internal.invokers.ConfigInvoker.invokeConfigurations(ConfigInvoker.java:319)
at org.testng.TestRunner.invokeTestConfigurations(TestRunner.java:645)
at org.testng.TestRunner.beforeRun(TestRunner.java:634)
at org.testng.TestRunner.run(TestRunner.java:596)
at org.testng.SuiteRunner.runTest(SuiteRunner.java:429)
at org.testng.SuiteRunner.runSequentially(SuiteRunner.java:423)
at org.testng.SuiteRunner.privateRun(SuiteRunner.java:383)
at org.testng.SuiteRunner.run(SuiteRunner.java:326)
at org.testng.SuiteRunnerWorker.runSuite(SuiteRunnerWorker.java:52)
at org.testng.SuiteRunnerWorker.run(SuiteRunnerWorker.java:95)
at org.testng.TestNG.runSuitesSequentially(TestNG.java:1249)
at org.testng.TestNG.runSuitesLocally(TestNG.java:1169)
at org.testng.TestNG.runSuites(TestNG.java:1092)
at org.testng.TestNG.run(TestNG.java:1060)
at org.testng.remote.AbstractRemoteTestNG.run(AbstractRemoteTestNG.java:115)
at org.testng.remote.RemoteTestNG.initAndRun(RemoteTestNG.java:251)
at org.testng.remote.RemoteTestNG.main(RemoteTestNG.java:77)
Caused by: org.neo4j.ogm.exception.ConnectionException: Could not create driver instance
at org.neo4j.ogm.drivers.bolt.driver.BoltDriver.initializeDriver(BoltDriver.java:174)
at org.neo4j.ogm.drivers.bolt.driver.BoltDriver.checkDriverInitialized(BoltDriver.java:138)
at org.neo4j.ogm.drivers.bolt.driver.BoltDriver.configure(BoltDriver.java:113)
at org.neo4j.ogm.session.SessionFactory.newConfiguredDriverInstance(SessionFactory.java:268)
at org.neo4j.ogm.session.SessionFactory.<init>(SessionFactory.java:89)
at domain.DBConnFactory.<clinit>(DBConnFactory.java:27)
... 26 more
Caused by: org.neo4j.driver.exceptions.ServiceUnavailableException: Unable to connect to localhost:7687, ensure the database is running and that there is a working network connection to it.
at org.neo4j.driver.internal.util.Futures.blockingGet(Futures.java:144)
at org.neo4j.driver.internal.util.Futures.blockingGet(Futures.java:114)
at org.neo4j.driver.internal.InternalDriver.verifyConnectivity(InternalDriver.java:160)
at org.neo4j.ogm.drivers.bolt.driver.BoltDriver.initializeDriver(BoltDriver.java:170)
... 31 more
Suppressed: org.neo4j.driver.internal.util.ErrorUtil$InternalExceptionCause
at org.neo4j.driver.internal.async.connection.ChannelConnectedListener.databaseUnavailableError(ChannelConnectedListener.java:76)
at org.neo4j.driver.internal.async.connection.ChannelConnectedListener.operationComplete(ChannelConnectedListener.java:70)
at org.neo4j.driver.internal.async.connection.ChannelConnectedListener.operationComplete(ChannelConnectedListener.java:37)
at org.neo4j.driver.internal.shaded.io.netty.util.concurrent.DefaultPromise.notifyListener0(DefaultPromise.java:578)
at org.neo4j.driver.internal.shaded.io.netty.util.concurrent.DefaultPromise.notifyListeners0(DefaultPromise.java:571)
at org.neo4j.driver.internal.shaded.io.netty.util.concurrent.DefaultPromise.notifyListenersNow(DefaultPromise.java:550)
at org.neo4j.driver.internal.shaded.io.netty.util.concurrent.DefaultPromise.notifyListeners(DefaultPromise.java:491)
at org.neo4j.driver.internal.shaded.io.netty.util.concurrent.DefaultPromise.setValue0(DefaultPromise.java:616)
at org.neo4j.driver.internal.shaded.io.netty.util.concurrent.DefaultPromise.setFailure0(DefaultPromise.java:609)
at org.neo4j.driver.internal.shaded.io.netty.util.concurrent.DefaultPromise.tryFailure(DefaultPromise.java:117)
at org.neo4j.driver.internal.shaded.io.netty.channel.nio.AbstractNioChannel$AbstractNioUnsafe.fulfillConnectPromise(AbstractNioChannel.java:321)
at org.neo4j.driver.internal.shaded.io.netty.channel.nio.AbstractNioChannel$AbstractNioUnsafe.finishConnect(AbstractNioChannel.java:337)
at org.neo4j.driver.internal.shaded.io.netty.channel.nio.NioEventLoop.processSelectedKey(NioEventLoop.java:710)
at org.neo4j.driver.internal.shaded.io.netty.channel.nio.NioEventLoop.processSelectedKeysOptimized(NioEventLoop.java:658)
at org.neo4j.driver.internal.shaded.io.netty.channel.nio.NioEventLoop.processSelectedKeys(NioEventLoop.java:584)
at org.neo4j.driver.internal.shaded.io.netty.channel.nio.NioEventLoop.run(NioEventLoop.java:496)
at org.neo4j.driver.internal.shaded.io.netty.util.concurrent.SingleThreadEventExecutor$4.run(SingleThreadEventExecutor.java:986)
at org.neo4j.driver.internal.shaded.io.netty.util.internal.ThreadExecutorMap$2.run(ThreadExecutorMap.java:74)
at org.neo4j.driver.internal.shaded.io.netty.util.concurrent.FastThreadLocalRunnable.run(FastThreadLocalRunnable.java:30)
at java.base/java.lang.Thread.run(Thread.java:833)
Caused by: org.neo4j.driver.internal.shaded.io.netty.channel.AbstractChannel$AnnotatedConnectException: Connection refused: no further information: localhost/127.0.0.1:7687
Caused by: java.net.ConnectException: Connection refused: no further information
at java.base/sun.nio.ch.Net.pollConnect(Native Method)
at java.base/sun.nio.ch.Net.pollConnectNow(Net.java:672)
at java.base/sun.nio.ch.SocketChannelImpl.finishConnect(SocketChannelImpl.java:946)
at org.neo4j.driver.internal.shaded.io.netty.channel.socket.nio.NioSocketChannel.doFinishConnect(NioSocketChannel.java:330)
at org.neo4j.driver.internal.shaded.io.netty.channel.nio.AbstractNioChannel$AbstractNioUnsafe.finishConnect(AbstractNioChannel.java:334)
at org.neo4j.driver.internal.shaded.io.netty.channel.nio.NioEventLoop.processSelectedKey(NioEventLoop.java:710)
at org.neo4j.driver.internal.shaded.io.netty.channel.nio.NioEventLoop.processSelectedKeysOptimized(NioEventLoop.java:658)
at org.neo4j.driver.internal.shaded.io.netty.channel.nio.NioEventLoop.processSelectedKeys(NioEventLoop.java:584)
at org.neo4j.driver.internal.shaded.io.netty.channel.nio.NioEventLoop.run(NioEventLoop.java:496)
at org.neo4j.driver.internal.shaded.io.netty.util.concurrent.SingleThreadEventExecutor$4.run(SingleThreadEventExecutor.java:986)
at org.neo4j.driver.internal.shaded.io.netty.util.internal.ThreadExecutorMap$2.run(ThreadExecutorMap.java:74)
at org.neo4j.driver.internal.shaded.io.netty.util.concurrent.FastThreadLocalRunnable.run(FastThreadLocalRunnable.java:30)
at java.base/java.lang.Thread.run(Thread.java:833)
]]>
    </error>
  </testcase> <!-- init -->
  <system-out/>
  <testcase classname="stateMachineLanguage.DBManager.LayerIntegrationTest" name="addEdgeConvPoolTest" time="0.000">
    <skipped/>
  </testcase> <!-- addEdgeConvPoolTest -->
  <system-out/>
  <testcase classname="stateMachineLanguage.DBManager.LayerIntegrationTest" name="addnewEdgeConv" time="0.000">
    <skipped/>
  </testcase> <!-- addnewEdgeConv -->
  <system-out/>
  <testcase classname="stateMachineLanguage.DBManager.LayerIntegrationTest" name="updateConvTest" time="0.001">
    <skipped/>
  </testcase> <!-- updateConvTest -->
  <system-out/>
  <testcase classname="stateMachineLanguage.DBManager.LayerIntegrationTest" name="addEdgePoolBNTest" time="0.000">
    <skipped/>
  </testcase> <!-- addEdgePoolBNTest -->
  <system-out/>
</testsuite> <!-- stateMachineLanguage.DBManager.LayerIntegrationTest -->
