<?xml version="1.0" encoding="UTF-8"?>
<!-- Generated by org.testng.reporters.JUnitReportReporter -->
<testsuite hostname="niflheim" failures="0" tests="1" name="controllerTest.DBQueryControllerTest" time="0.106" errors="0" timestamp="2022-03-31T15:19:41 CEST" skipped="0">
  <testcase classname="controllerTest.DBQueryControllerTest" name="countEdgesNodesTest" time="0.106"/>
  <system-out/>
</testsuite> <!-- controllerTest.DBQueryControllerTest -->
