<?xml version="1.0" encoding="UTF-8"?>
<!-- Generated by org.testng.reporters.JUnitReportReporter -->
<testsuite hostname="niflheim" failures="0" tests="4" name="stateMachineLanguage.DBManager.ConvolutionControllerTest" time="0.258" errors="0" timestamp="2022-03-28T12:20:37 CEST" skipped="0">
  <testcase classname="stateMachineLanguage.DBManager.ConvolutionControllerTest" name="createConvTest" time="0.148"/>
  <system-out/>
  <testcase classname="stateMachineLanguage.DBManager.ConvolutionControllerTest" name="findAllTest" time="0.063"/>
  <system-out/>
  <testcase classname="stateMachineLanguage.DBManager.ConvolutionControllerTest" name="findTest" time="0.011"/>
  <system-out/>
  <testcase classname="stateMachineLanguage.DBManager.ConvolutionControllerTest" name="deleteTest" time="0.036"/>
  <system-out/>
</testsuite> <!-- stateMachineLanguage.DBManager.ConvolutionControllerTest -->
