<?xml version="1.0" encoding="UTF-8"?>
<!-- Generated by org.testng.reporters.JUnitReportReporter -->
<testsuite hostname="niflheim" failures="0" tests="5" name="stateMachineLanguage.DBManager.DropoutServiceTest" time="0.459" errors="0" timestamp="2022-03-28T11:42:36 CEST" skipped="0">
  <testcase classname="stateMachineLanguage.DBManager.DropoutServiceTest" name="createConvTest" time="0.233"/>
  <system-out/>
  <testcase classname="stateMachineLanguage.DBManager.DropoutServiceTest" name="findByIDNotExistTest" time="0.043"/>
  <system-out/>
  <testcase classname="stateMachineLanguage.DBManager.DropoutServiceTest" name="findByIDTest" time="0.014"/>
  <system-out/>
  <testcase classname="stateMachineLanguage.DBManager.DropoutServiceTest" name="findAllTest" time="0.133"/>
  <system-out/>
  <testcase classname="stateMachineLanguage.DBManager.DropoutServiceTest" name="deleteTest" time="0.036"/>
  <system-out/>
</testsuite> <!-- stateMachineLanguage.DBManager.DropoutServiceTest -->
