<?xml version="1.0" encoding="UTF-8"?>
<!-- Generated by org.testng.reporters.JUnitReportReporter -->
<testsuite hostname="niflheim" failures="0" tests="1" name="stateMachineLanguage.DBManager.ClassQueryTest" time="0.022" errors="0" timestamp="2022-03-25T15:29:59 CET" skipped="0">
  <testcase classname="stateMachineLanguage.DBManager.ClassQueryTest" name="paramStringConvTest" time="0.022"/>
  <system-out/>
</testsuite> <!-- stateMachineLanguage.DBManager.ClassQueryTest -->
