<?xml version="1.0" encoding="UTF-8"?>
<!-- Generated by org.testng.reporters.JUnitReportReporter -->
<testsuite hostname="niflheim" failures="0" tests="2" name="test.TestVerificationFunction" time="0.101" errors="0" timestamp="2023-02-01T16:06:51 CET" skipped="0">
  <testcase classname="test.TestVerificationFunction" name="testverifyFilters" time="0.096"/>
  <system-out/>
  <testcase classname="test.TestVerificationFunction" name="testVerifyImgSize" time="0.005"/>
  <system-out/>
</testsuite> <!-- test.TestVerificationFunction -->
